<?xml version="1.0" encoding="UTF-8"?>
<!-- Generated by org.testng.reporters.JUnitReportReporter -->
<testsuite hostname="DESKTOP-TU77OIH" failures="0" tests="1" name="HeadlessModeExample.amazon" time="5.737" errors="0" timestamp="2022-07-13T11:07:48 IST" skipped="0">
  <testcase classname="HeadlessModeExample.amazon" name="searchTest" time="5.737"/>
  <system-out/>
</testsuite> <!-- HeadlessModeExample.amazon -->
