<?xml version="1.0" encoding="UTF-8"?>
<!-- Generated by org.testng.reporters.JUnitReportReporter -->
<testsuite hostname="DESKTOP-TU77OIH" failures="0" tests="1" name="seleniumWait.ExplicitwaitExample" time="15.800" errors="0" timestamp="2022-07-08T10:23:16 IST" skipped="0">
  <testcase classname="seleniumWait.ExplicitwaitExample" name="login" time="15.800"/>
  <system-out/>
</testsuite> <!-- seleniumWait.ExplicitwaitExample -->
