<?xml version="1.0" encoding="UTF-8"?>
<!-- Generated by org.testng.reporters.JUnitReportReporter -->
<testsuite hostname="DESKTOP-TU77OIH" failures="0" tests="1" name="HandleFrame.FrameExample" time="1.407" errors="0" timestamp="2022-07-08T10:53:07 IST" skipped="0">
  <testcase classname="HandleFrame.FrameExample" name="login" time="1.407"/>
  <system-out/>
</testsuite> <!-- HandleFrame.FrameExample -->
