<?xml version="1.0" encoding="UTF-8"?>
<!-- Generated by org.testng.reporters.JUnitReportReporter -->
<testsuite hostname="DESKTOP-TU77OIH" failures="0" tests="1" name="xpathExample.AmazonSeeMoreExample" time="20.250" errors="0" timestamp="2022-07-12T10:02:17 IST" skipped="0">
  <testcase classname="xpathExample.AmazonSeeMoreExample" name="SeeMoreTest" time="20.250"/>
  <system-out/>
</testsuite> <!-- xpathExample.AmazonSeeMoreExample -->
