<?xml version="1.0" encoding="UTF-8"?>
<!-- Generated by org.testng.reporters.JUnitReportReporter -->
<testsuite hostname="DESKTOP-TU77OIH" failures="0" tests="3" name="handleAlert.AlertExample" time="6.444" errors="0" timestamp="2022-07-08T10:04:14 IST" skipped="0">
  <testcase classname="handleAlert.AlertExample" name="AlertAccepted" time="3.201"/>
  <system-out/>
  <testcase classname="handleAlert.AlertExample" name="Alertdismissed" time="3.135"/>
  <system-out/>
  <testcase classname="handleAlert.AlertExample" name="gettilteAlert" time="0.108"/>
  <system-out/>
</testsuite> <!-- handleAlert.AlertExample -->
