<?xml version="1.0" encoding="UTF-8"?>
<!-- Generated by org.testng.reporters.JUnitReportReporter -->
<testsuite hostname="DESKTOP-TU77OIH" failures="0" tests="1" name="xpathExample.HYRExample" time="4.180" errors="0" timestamp="2022-07-12T10:09:20 IST" skipped="0">
  <testcase classname="xpathExample.HYRExample" name="dynamicTableCOntentTest" time="4.180"/>
  <system-out/>
</testsuite> <!-- xpathExample.HYRExample -->
