<?xml version="1.0" encoding="UTF-8"?>
<!-- Generated by org.testng.reporters.JUnitReportReporter -->
<testsuite hostname="DESKTOP-TU77OIH" failures="0" tests="1" name="xpathExample.xpathparentsibling" time="3.082" errors="0" timestamp="2022-07-12T09:47:12 IST" skipped="0">
  <testcase classname="xpathExample.xpathparentsibling" name="xpathexampleparentchild" time="3.082"/>
  <system-out/>
</testsuite> <!-- xpathExample.xpathparentsibling -->
