<?xml version="1.0" encoding="UTF-8"?>
<!-- Generated by org.testng.reporters.JUnitReportReporter -->
<testsuite hostname="DESKTOP-TU77OIH" failures="0" tests="1" name="actions.DragDropTest" time="1.099" errors="0" timestamp="2022-07-08T11:12:03 IST" skipped="0">
  <testcase classname="actions.DragDropTest" name="login" time="1.099"/>
  <system-out/>
</testsuite> <!-- actions.DragDropTest -->
