<?xml version="1.0" encoding="UTF-8"?>
<!-- Generated by org.testng.reporters.JUnitReportReporter -->
<testsuite hostname="DESKTOP-TU77OIH" failures="0" tests="1" name="pageobjectmodel.testcase" time="4.341" errors="0" timestamp="2022-07-13T10:26:50 IST" skipped="0">
  <testcase classname="pageobjectmodel.testcase" name="HRMloginTest" time="4.341"/>
  <system-out/>
</testsuite> <!-- pageobjectmodel.testcase -->
