<?xml version="1.0" encoding="UTF-8"?>
<!-- Generated by org.testng.reporters.JUnitReportReporter -->
<testsuite hostname="DESKTOP-TU77OIH" failures="0" tests="4" name="dataproviderExample.dataproviderclass" time="5.940" errors="0" timestamp="2022-07-13T10:35:21 IST" skipped="0">
  <testcase classname="dataproviderExample.dataproviderclass" name="verifydataprovider" time="1.371"/>
  <system-out/>
  <testcase classname="dataproviderExample.dataproviderclass" name="verifydataprovider" time="1.742"/>
  <system-out/>
  <testcase classname="dataproviderExample.dataproviderclass" name="verifydataprovider" time="1.410"/>
  <system-out/>
  <testcase classname="dataproviderExample.dataproviderclass" name="verifydataprovider" time="1.417"/>
  <system-out/>
</testsuite> <!-- dataproviderExample.dataproviderclass -->
