<?xml version="1.0" encoding="UTF-8"?>
<!-- Generated by org.testng.reporters.JUnitReportReporter -->
<testsuite hostname="DESKTOP-TU77OIH" failures="0" tests="1" name="actions.ContextAndDoubleCLick" time="4.186" errors="0" timestamp="2022-07-08T11:12:24 IST" skipped="0">
  <testcase classname="actions.ContextAndDoubleCLick" name="doubleClickTest" time="4.186"/>
  <system-out/>
</testsuite> <!-- actions.ContextAndDoubleCLick -->
