<?xml version="1.0" encoding="UTF-8"?>
<!-- Generated by org.testng.reporters.JUnitReportReporter -->
<testsuite skipped="0" hostname="DESKTOP-TU77OIH" name="dataproviderExample.dataproviderclass" tests="4" failures="0" timestamp="2022-07-15T10:31:35 IST" time="6.705" errors="0">
  <testcase name="verifydataprovider" time="1.633" classname="dataproviderExample.dataproviderclass"/>
  <system-out/>
  <testcase name="verifydataprovider" time="1.544" classname="dataproviderExample.dataproviderclass"/>
  <system-out/>
  <testcase name="verifydataprovider" time="1.826" classname="dataproviderExample.dataproviderclass"/>
  <system-out/>
  <testcase name="verifydataprovider" time="1.702" classname="dataproviderExample.dataproviderclass"/>
  <system-out/>
</testsuite> <!-- dataproviderExample.dataproviderclass -->
