<?xml version="1.0" encoding="UTF-8"?>
<!-- Generated by org.testng.reporters.JUnitReportReporter -->
<testsuite skipped="0" hostname="DESKTOP-TU77OIH" name="pageobjectmodel.testcase" tests="1" failures="0" timestamp="2022-07-15T10:42:55 IST" time="5.526" errors="0">
  <testcase name="HRMloginTest" time="5.526" classname="pageobjectmodel.testcase"/>
  <system-out/>
</testsuite> <!-- pageobjectmodel.testcase -->
